2017-07-21 19:08:17.295  INFO 11003 --- [main] com.starwars.StarwarsBatchApplication    : Starting StarwarsBatchApplication on ccalinkxview.local with PID 11003 (/Users/ccastillo/workspace/cursos/demo-batch/target/classes started by ccastillo in /Users/ccastillo/workspace/cursos/demo-batch)
2017-07-21 19:08:17.297  INFO 11003 --- [main] com.starwars.StarwarsBatchApplication    : No active profile set, falling back to default profiles: default
2017-07-21 19:08:17.325  INFO 11003 --- [main] s.c.a.AnnotationConfigApplicationContext : Refreshing org.springframework.context.annotation.AnnotationConfigApplicationContext@3e92efc3: startup date [Fri Jul 21 19:08:17 CEST 2017]; root of context hierarchy
2017-07-21 19:08:17.868  WARN 11003 --- [main] o.s.c.a.ConfigurationClassEnhancer       : @Bean method ScopeConfiguration.stepScope is non-static and returns an object assignable to Spring's BeanFactoryPostProcessor interface. This will result in a failure to process annotations such as @Autowired, @Resource and @PostConstruct within the method's declaring @Configuration class. Add the 'static' modifier to this method to avoid these container lifecycle issues; see @Bean javadoc for complete details.
2017-07-21 19:08:17.881  WARN 11003 --- [main] o.s.c.a.ConfigurationClassEnhancer       : @Bean method ScopeConfiguration.jobScope is non-static and returns an object assignable to Spring's BeanFactoryPostProcessor interface. This will result in a failure to process annotations such as @Autowired, @Resource and @PostConstruct within the method's declaring @Configuration class. Add the 'static' modifier to this method to avoid these container lifecycle issues; see @Bean javadoc for complete details.
2017-07-21 19:08:18.207  INFO 11003 --- [main] j.LocalContainerEntityManagerFactoryBean : Building JPA container EntityManagerFactory for persistence unit 'default'
2017-07-21 19:08:18.217  INFO 11003 --- [main] o.hibernate.jpa.internal.util.LogHelper  : HHH000204: Processing PersistenceUnitInfo [
	name: default
	...]
2017-07-21 19:08:18.322  INFO 11003 --- [main] org.hibernate.Version                    : HHH000412: Hibernate Core {5.0.12.Final}
2017-07-21 19:08:18.323  INFO 11003 --- [main] org.hibernate.cfg.Environment            : HHH000206: hibernate.properties not found
2017-07-21 19:08:18.324  INFO 11003 --- [main] org.hibernate.cfg.Environment            : HHH000021: Bytecode provider name : javassist
2017-07-21 19:08:18.347  INFO 11003 --- [main] o.hibernate.annotations.common.Version   : HCANN000001: Hibernate Commons Annotations {5.0.1.Final}
2017-07-21 19:08:18.410  INFO 11003 --- [main] org.hibernate.dialect.Dialect            : HHH000400: Using dialect: org.hibernate.dialect.H2Dialect
2017-07-21 19:08:18.710  INFO 11003 --- [main] org.hibernate.tool.hbm2ddl.SchemaExport  : HHH000227: Running hbm2ddl schema export
2017-07-21 19:08:18.720  INFO 11003 --- [main] org.hibernate.tool.hbm2ddl.SchemaExport  : HHH000230: Schema export complete
2017-07-21 19:08:18.751  INFO 11003 --- [main] j.LocalContainerEntityManagerFactoryBean : Initialized JPA EntityManagerFactory for persistence unit 'default'
2017-07-21 19:08:19.091  WARN 11003 --- [main] o.s.b.a.batch.BasicBatchConfigurer       : JPA does not support custom isolation levels, so locks may not be taken when launching Jobs
2017-07-21 19:08:19.093  INFO 11003 --- [main] o.s.b.c.r.s.JobRepositoryFactoryBean     : No database type set, using meta data indicating: H2
2017-07-21 19:08:19.160  INFO 11003 --- [main] o.s.b.c.l.support.SimpleJobLauncher      : No TaskExecutor has been set, defaulting to synchronous executor.
2017-07-21 19:08:19.174  INFO 11003 --- [main] o.s.jdbc.datasource.init.ScriptUtils     : Executing SQL script from class path resource [org/springframework/batch/core/schema-h2.sql]
2017-07-21 19:08:19.196  INFO 11003 --- [main] o.s.jdbc.datasource.init.ScriptUtils     : Executed SQL script from class path resource [org/springframework/batch/core/schema-h2.sql] in 22 ms.
2017-07-21 19:08:19.325  INFO 11003 --- [main] o.s.j.e.a.AnnotationMBeanExporter        : Registering beans for JMX exposure on startup
2017-07-21 19:08:19.340  INFO 11003 --- [main] com.starwars.StarwarsBatchApplication    : Started StarwarsBatchApplication in 12.333 seconds (JVM running for 22.879)
2017-07-21 19:08:19.341  INFO 11003 --- [Thread-28] s.c.a.AnnotationConfigApplicationContext : Closing org.springframework.context.annotation.AnnotationConfigApplicationContext@3e92efc3: startup date [Fri Jul 21 19:08:17 CEST 2017]; root of context hierarchy
2017-07-21 19:08:19.344  INFO 11003 --- [Thread-28] o.s.j.e.a.AnnotationMBeanExporter        : Unregistering JMX-exposed beans on shutdown
2017-07-21 19:08:19.345  WARN 11003 --- [Thread-28] o.s.b.f.support.DisposableBeanAdapter    : Invocation of destroy method 'close' failed on bean with name 'peopleWriter': java.lang.NullPointerException
2017-07-21 19:08:19.346  INFO 11003 --- [Thread-28] j.LocalContainerEntityManagerFactoryBean : Closing JPA EntityManagerFactory for persistence unit 'default'
2017-07-21 19:08:19.346  INFO 11003 --- [Thread-28] org.hibernate.tool.hbm2ddl.SchemaExport  : HHH000227: Running hbm2ddl schema export
2017-07-21 19:08:19.353  INFO 11003 --- [Thread-28] org.hibernate.tool.hbm2ddl.SchemaExport  : HHH000230: Schema export complete
2017-07-21 19:10:53.687  INFO 11012 --- [main] com.starwars.StarwarsBatchApplication    : Starting StarwarsBatchApplication on ccalinkxview.local with PID 11012 (/Users/ccastillo/workspace/cursos/demo-batch/target/classes started by ccastillo in /Users/ccastillo/workspace/cursos/demo-batch)
2017-07-21 19:10:53.690  INFO 11012 --- [main] com.starwars.StarwarsBatchApplication    : No active profile set, falling back to default profiles: default
2017-07-21 19:10:53.719  INFO 11012 --- [main] s.c.a.AnnotationConfigApplicationContext : Refreshing org.springframework.context.annotation.AnnotationConfigApplicationContext@3e92efc3: startup date [Fri Jul 21 19:10:53 CEST 2017]; root of context hierarchy
2017-07-21 19:10:54.133  WARN 11012 --- [main] o.s.c.a.ConfigurationClassEnhancer       : @Bean method ScopeConfiguration.stepScope is non-static and returns an object assignable to Spring's BeanFactoryPostProcessor interface. This will result in a failure to process annotations such as @Autowired, @Resource and @PostConstruct within the method's declaring @Configuration class. Add the 'static' modifier to this method to avoid these container lifecycle issues; see @Bean javadoc for complete details.
2017-07-21 19:10:54.141  WARN 11012 --- [main] o.s.c.a.ConfigurationClassEnhancer       : @Bean method ScopeConfiguration.jobScope is non-static and returns an object assignable to Spring's BeanFactoryPostProcessor interface. This will result in a failure to process annotations such as @Autowired, @Resource and @PostConstruct within the method's declaring @Configuration class. Add the 'static' modifier to this method to avoid these container lifecycle issues; see @Bean javadoc for complete details.
2017-07-21 19:10:54.456  INFO 11012 --- [main] j.LocalContainerEntityManagerFactoryBean : Building JPA container EntityManagerFactory for persistence unit 'default'
2017-07-21 19:10:54.469  INFO 11012 --- [main] o.hibernate.jpa.internal.util.LogHelper  : HHH000204: Processing PersistenceUnitInfo [
	name: default
	...]
2017-07-21 19:10:54.564  INFO 11012 --- [main] org.hibernate.Version                    : HHH000412: Hibernate Core {5.0.12.Final}
2017-07-21 19:10:54.565  INFO 11012 --- [main] org.hibernate.cfg.Environment            : HHH000206: hibernate.properties not found
2017-07-21 19:10:54.566  INFO 11012 --- [main] org.hibernate.cfg.Environment            : HHH000021: Bytecode provider name : javassist
2017-07-21 19:10:54.590  INFO 11012 --- [main] o.hibernate.annotations.common.Version   : HCANN000001: Hibernate Commons Annotations {5.0.1.Final}
2017-07-21 19:10:54.655  INFO 11012 --- [main] org.hibernate.dialect.Dialect            : HHH000400: Using dialect: org.hibernate.dialect.H2Dialect
2017-07-21 19:10:54.924  INFO 11012 --- [main] org.hibernate.tool.hbm2ddl.SchemaExport  : HHH000227: Running hbm2ddl schema export
2017-07-21 19:10:54.933  INFO 11012 --- [main] org.hibernate.tool.hbm2ddl.SchemaExport  : HHH000230: Schema export complete
2017-07-21 19:10:54.957  INFO 11012 --- [main] j.LocalContainerEntityManagerFactoryBean : Initialized JPA EntityManagerFactory for persistence unit 'default'
2017-07-21 19:10:55.294  WARN 11012 --- [main] o.s.b.a.batch.BasicBatchConfigurer       : JPA does not support custom isolation levels, so locks may not be taken when launching Jobs
2017-07-21 19:10:55.295  INFO 11012 --- [main] o.s.b.c.r.s.JobRepositoryFactoryBean     : No database type set, using meta data indicating: H2
2017-07-21 19:10:55.346  INFO 11012 --- [main] o.s.b.c.l.support.SimpleJobLauncher      : No TaskExecutor has been set, defaulting to synchronous executor.
2017-07-21 19:10:55.359  INFO 11012 --- [main] o.s.jdbc.datasource.init.ScriptUtils     : Executing SQL script from class path resource [org/springframework/batch/core/schema-h2.sql]
2017-07-21 19:10:55.377  INFO 11012 --- [main] o.s.jdbc.datasource.init.ScriptUtils     : Executed SQL script from class path resource [org/springframework/batch/core/schema-h2.sql] in 18 ms.
2017-07-21 19:10:55.478  INFO 11012 --- [main] o.s.j.e.a.AnnotationMBeanExporter        : Registering beans for JMX exposure on startup
2017-07-21 19:10:55.486  INFO 11012 --- [main] s.a.ScheduledAnnotationBeanPostProcessor : No TaskScheduler/ScheduledExecutorService bean found for scheduled processing
2017-07-21 19:10:55.495  INFO 11012 --- [main] com.starwars.StarwarsBatchApplication    : Started StarwarsBatchApplication in 12.044 seconds (JVM running for 22.614)
2017-07-21 19:10:55.535  INFO 11012 --- [pool-2-thread-1] o.s.b.c.l.support.SimpleJobLauncher      : Job: [SimpleJob: [name=dbJob]] launched with the following parameters: [{time=1500657055491}]
2017-07-21 19:10:55.557  INFO 11012 --- [pool-2-thread-1] o.s.batch.core.job.SimpleStepHandler     : Executing step: [dbStep]
2017-07-21 19:10:55.625  INFO 11012 --- [pool-2-thread-1] c.s.batch.listener.PeopleStepListener    : Hello from afterStep listener. Summary:
2017-07-21 19:10:55.625  INFO 11012 --- [pool-2-thread-1] c.s.batch.listener.PeopleStepListener    : StepExecution: id=1, version=2, name=dbStep, status=COMPLETED, exitStatus=COMPLETED, readCount=4, filterCount=0, writeCount=4 readSkipCount=0, writeSkipCount=0, processSkipCount=0, commitCount=1, rollbackCount=0
2017-07-21 19:10:55.633  INFO 11012 --- [pool-2-thread-1] com.starwars.batch.listener.JobListener  : Job started at Fri Jul 21 19:10:55 CEST 2017
2017-07-21 19:10:55.633  INFO 11012 --- [pool-2-thread-1] com.starwars.batch.listener.JobListener  : step times:
2017-07-21 19:10:55.636  INFO 11012 --- [pool-2-thread-1] o.s.b.c.l.support.SimpleJobLauncher      : Job: [SimpleJob: [name=dbJob]] completed with the following parameters: [{time=1500657055491}] and the following status: [COMPLETED]
2017-07-21 19:11:10.648  INFO 11012 --- [pool-2-thread-1] o.s.b.c.l.support.SimpleJobLauncher      : Job: [SimpleJob: [name=dbJob]] launched with the following parameters: [{time=1500657070642}]
2017-07-21 19:11:10.654  INFO 11012 --- [pool-2-thread-1] o.s.batch.core.job.SimpleStepHandler     : Executing step: [dbStep]
2017-07-21 19:11:10.662  INFO 11012 --- [pool-2-thread-1] c.s.batch.listener.PeopleStepListener    : Hello from afterStep listener. Summary:
2017-07-21 19:11:10.662  INFO 11012 --- [pool-2-thread-1] c.s.batch.listener.PeopleStepListener    : StepExecution: id=2, version=2, name=dbStep, status=COMPLETED, exitStatus=COMPLETED, readCount=4, filterCount=0, writeCount=4 readSkipCount=0, writeSkipCount=0, processSkipCount=0, commitCount=1, rollbackCount=0
2017-07-21 19:11:10.665  INFO 11012 --- [pool-2-thread-1] com.starwars.batch.listener.JobListener  : Job started at Fri Jul 21 19:11:10 CEST 2017
2017-07-21 19:11:10.665  INFO 11012 --- [pool-2-thread-1] com.starwars.batch.listener.JobListener  : step times:
2017-07-21 19:11:10.666  INFO 11012 --- [pool-2-thread-1] o.s.b.c.l.support.SimpleJobLauncher      : Job: [SimpleJob: [name=dbJob]] completed with the following parameters: [{time=1500657070642}] and the following status: [COMPLETED]
2017-07-21 19:11:25.680  INFO 11012 --- [pool-2-thread-1] o.s.b.c.l.support.SimpleJobLauncher      : Job: [SimpleJob: [name=dbJob]] launched with the following parameters: [{time=1500657085670}]
2017-07-21 19:11:25.685  INFO 11012 --- [pool-2-thread-1] o.s.batch.core.job.SimpleStepHandler     : Executing step: [dbStep]
2017-07-21 19:11:25.698  INFO 11012 --- [pool-2-thread-1] c.s.batch.listener.PeopleStepListener    : Hello from afterStep listener. Summary:
2017-07-21 19:11:25.698  INFO 11012 --- [pool-2-thread-1] c.s.batch.listener.PeopleStepListener    : StepExecution: id=3, version=2, name=dbStep, status=COMPLETED, exitStatus=COMPLETED, readCount=4, filterCount=0, writeCount=4 readSkipCount=0, writeSkipCount=0, processSkipCount=0, commitCount=1, rollbackCount=0
2017-07-21 19:11:25.701  INFO 11012 --- [pool-2-thread-1] com.starwars.batch.listener.JobListener  : Job started at Fri Jul 21 19:11:25 CEST 2017
2017-07-21 19:11:25.701  INFO 11012 --- [pool-2-thread-1] com.starwars.batch.listener.JobListener  : step times:
2017-07-21 19:11:25.703  INFO 11012 --- [pool-2-thread-1] o.s.b.c.l.support.SimpleJobLauncher      : Job: [SimpleJob: [name=dbJob]] completed with the following parameters: [{time=1500657085670}] and the following status: [COMPLETED]
2017-07-21 19:11:40.714  INFO 11012 --- [pool-2-thread-1] o.s.b.c.l.support.SimpleJobLauncher      : Job: [SimpleJob: [name=dbJob]] launched with the following parameters: [{time=1500657100709}]
2017-07-21 19:11:40.719  INFO 11012 --- [pool-2-thread-1] o.s.batch.core.job.SimpleStepHandler     : Executing step: [dbStep]
2017-07-21 19:11:40.730  INFO 11012 --- [pool-2-thread-1] c.s.batch.listener.PeopleStepListener    : Hello from afterStep listener. Summary:
2017-07-21 19:11:40.730  INFO 11012 --- [pool-2-thread-1] c.s.batch.listener.PeopleStepListener    : StepExecution: id=4, version=2, name=dbStep, status=COMPLETED, exitStatus=COMPLETED, readCount=4, filterCount=0, writeCount=4 readSkipCount=0, writeSkipCount=0, processSkipCount=0, commitCount=1, rollbackCount=0
2017-07-21 19:11:40.733  INFO 11012 --- [pool-2-thread-1] com.starwars.batch.listener.JobListener  : Job started at Fri Jul 21 19:11:40 CEST 2017
2017-07-21 19:11:40.733  INFO 11012 --- [pool-2-thread-1] com.starwars.batch.listener.JobListener  : step times:
2017-07-21 19:11:40.734  INFO 11012 --- [pool-2-thread-1] o.s.b.c.l.support.SimpleJobLauncher      : Job: [SimpleJob: [name=dbJob]] completed with the following parameters: [{time=1500657100709}] and the following status: [COMPLETED]
2017-07-21 19:11:55.745  INFO 11012 --- [pool-2-thread-1] o.s.b.c.l.support.SimpleJobLauncher      : Job: [SimpleJob: [name=dbJob]] launched with the following parameters: [{time=1500657115740}]
2017-07-21 19:11:55.749  INFO 11012 --- [pool-2-thread-1] o.s.batch.core.job.SimpleStepHandler     : Executing step: [dbStep]
2017-07-21 19:11:55.757  INFO 11012 --- [pool-2-thread-1] c.s.batch.listener.PeopleStepListener    : Hello from afterStep listener. Summary:
2017-07-21 19:11:55.757  INFO 11012 --- [pool-2-thread-1] c.s.batch.listener.PeopleStepListener    : StepExecution: id=5, version=2, name=dbStep, status=COMPLETED, exitStatus=COMPLETED, readCount=4, filterCount=0, writeCount=4 readSkipCount=0, writeSkipCount=0, processSkipCount=0, commitCount=1, rollbackCount=0
2017-07-21 19:11:55.760  INFO 11012 --- [pool-2-thread-1] com.starwars.batch.listener.JobListener  : Job started at Fri Jul 21 19:11:55 CEST 2017
2017-07-21 19:11:55.760  INFO 11012 --- [pool-2-thread-1] com.starwars.batch.listener.JobListener  : step times:
2017-07-21 19:11:55.761  INFO 11012 --- [pool-2-thread-1] o.s.b.c.l.support.SimpleJobLauncher      : Job: [SimpleJob: [name=dbJob]] completed with the following parameters: [{time=1500657115740}] and the following status: [COMPLETED]
2017-07-21 19:12:07.990  INFO 11012 --- [Thread-27] s.c.a.AnnotationConfigApplicationContext : Closing org.springframework.context.annotation.AnnotationConfigApplicationContext@3e92efc3: startup date [Fri Jul 21 19:10:53 CEST 2017]; root of context hierarchy
2017-07-21 19:12:07.994  INFO 11012 --- [Thread-27] o.s.j.e.a.AnnotationMBeanExporter        : Unregistering JMX-exposed beans on shutdown
2017-07-21 19:12:07.995  WARN 11012 --- [Thread-27] o.s.b.f.support.DisposableBeanAdapter    : Invocation of destroy method 'close' failed on bean with name 'peopleWriter': java.lang.NullPointerException
2017-07-21 19:12:07.996  INFO 11012 --- [Thread-27] j.LocalContainerEntityManagerFactoryBean : Closing JPA EntityManagerFactory for persistence unit 'default'
2017-07-21 19:12:07.996  INFO 11012 --- [Thread-27] org.hibernate.tool.hbm2ddl.SchemaExport  : HHH000227: Running hbm2ddl schema export
2017-07-21 19:12:07.999  INFO 11012 --- [Thread-27] org.hibernate.tool.hbm2ddl.SchemaExport  : HHH000230: Schema export complete
2017-07-21 20:07:12.662  INFO 11352 --- [main] com.starwars.StarwarsBatchApplication    : Starting StarwarsBatchApplication on ccalinkxview.local with PID 11352 (/Users/ccastillo/workspace/cursos/demo-batch/target/classes started by ccastillo in /Users/ccastillo/workspace/cursos/demo-batch)
2017-07-21 20:07:12.664  INFO 11352 --- [main] com.starwars.StarwarsBatchApplication    : No active profile set, falling back to default profiles: default
2017-07-21 20:07:12.693  INFO 11352 --- [main] s.c.a.AnnotationConfigApplicationContext : Refreshing org.springframework.context.annotation.AnnotationConfigApplicationContext@17046283: startup date [Fri Jul 21 20:07:12 CEST 2017]; root of context hierarchy
2017-07-21 20:07:13.132  WARN 11352 --- [main] o.s.c.a.ConfigurationClassEnhancer       : @Bean method ScopeConfiguration.stepScope is non-static and returns an object assignable to Spring's BeanFactoryPostProcessor interface. This will result in a failure to process annotations such as @Autowired, @Resource and @PostConstruct within the method's declaring @Configuration class. Add the 'static' modifier to this method to avoid these container lifecycle issues; see @Bean javadoc for complete details.
2017-07-21 20:07:13.140  WARN 11352 --- [main] o.s.c.a.ConfigurationClassEnhancer       : @Bean method ScopeConfiguration.jobScope is non-static and returns an object assignable to Spring's BeanFactoryPostProcessor interface. This will result in a failure to process annotations such as @Autowired, @Resource and @PostConstruct within the method's declaring @Configuration class. Add the 'static' modifier to this method to avoid these container lifecycle issues; see @Bean javadoc for complete details.
2017-07-21 20:07:13.457  INFO 11352 --- [main] j.LocalContainerEntityManagerFactoryBean : Building JPA container EntityManagerFactory for persistence unit 'default'
2017-07-21 20:07:13.523  INFO 11352 --- [main] o.hibernate.jpa.internal.util.LogHelper  : HHH000204: Processing PersistenceUnitInfo [
	name: default
	...]
2017-07-21 20:07:13.564  INFO 11352 --- [main] org.hibernate.Version                    : HHH000412: Hibernate Core {5.0.12.Final}
2017-07-21 20:07:13.564  INFO 11352 --- [main] org.hibernate.cfg.Environment            : HHH000206: hibernate.properties not found
2017-07-21 20:07:13.565  INFO 11352 --- [main] org.hibernate.cfg.Environment            : HHH000021: Bytecode provider name : javassist
2017-07-21 20:07:13.590  INFO 11352 --- [main] o.hibernate.annotations.common.Version   : HCANN000001: Hibernate Commons Annotations {5.0.1.Final}
2017-07-21 20:07:13.657  INFO 11352 --- [main] org.hibernate.dialect.Dialect            : HHH000400: Using dialect: org.hibernate.dialect.H2Dialect
2017-07-21 20:07:13.929  INFO 11352 --- [main] org.hibernate.tool.hbm2ddl.SchemaExport  : HHH000227: Running hbm2ddl schema export
2017-07-21 20:07:13.939  INFO 11352 --- [main] org.hibernate.tool.hbm2ddl.SchemaExport  : HHH000230: Schema export complete
2017-07-21 20:07:13.957  INFO 11352 --- [main] j.LocalContainerEntityManagerFactoryBean : Initialized JPA EntityManagerFactory for persistence unit 'default'
2017-07-21 20:07:14.352  WARN 11352 --- [main] o.s.b.a.batch.BasicBatchConfigurer       : JPA does not support custom isolation levels, so locks may not be taken when launching Jobs
2017-07-21 20:07:14.354  INFO 11352 --- [main] o.s.b.c.r.s.JobRepositoryFactoryBean     : No database type set, using meta data indicating: H2
2017-07-21 20:07:14.409  INFO 11352 --- [main] o.s.b.c.l.support.SimpleJobLauncher      : No TaskExecutor has been set, defaulting to synchronous executor.
2017-07-21 20:07:14.424  INFO 11352 --- [main] o.s.jdbc.datasource.init.ScriptUtils     : Executing SQL script from class path resource [org/springframework/batch/core/schema-h2.sql]
2017-07-21 20:07:14.443  INFO 11352 --- [main] o.s.jdbc.datasource.init.ScriptUtils     : Executed SQL script from class path resource [org/springframework/batch/core/schema-h2.sql] in 19 ms.
2017-07-21 20:07:14.557  INFO 11352 --- [main] o.s.j.e.a.AnnotationMBeanExporter        : Registering beans for JMX exposure on startup
2017-07-21 20:07:14.568  INFO 11352 --- [main] s.a.ScheduledAnnotationBeanPostProcessor : No TaskScheduler/ScheduledExecutorService bean found for scheduled processing
2017-07-21 20:07:14.577  INFO 11352 --- [main] com.starwars.StarwarsBatchApplication    : Started StarwarsBatchApplication in 12.164 seconds (JVM running for 22.734)
2017-07-21 20:07:14.618  INFO 11352 --- [pool-2-thread-1] o.s.b.c.l.support.SimpleJobLauncher      : Job: [SimpleJob: [name=dbJob]] launched with the following parameters: [{time=1500660434572}]
2017-07-21 20:07:14.638  INFO 11352 --- [pool-2-thread-1] o.s.batch.core.job.SimpleStepHandler     : Executing step: [dbStep]
2017-07-21 20:07:14.700  INFO 11352 --- [pool-2-thread-1] c.s.batch.listener.PeopleStepListener    : Hello from afterStep listener. Summary:
2017-07-21 20:07:14.701  INFO 11352 --- [pool-2-thread-1] c.s.batch.listener.PeopleStepListener    : StepExecution: id=1, version=2, name=dbStep, status=COMPLETED, exitStatus=COMPLETED, readCount=4, filterCount=0, writeCount=4 readSkipCount=0, writeSkipCount=0, processSkipCount=0, commitCount=1, rollbackCount=0
2017-07-21 20:07:14.706  INFO 11352 --- [pool-2-thread-1] com.starwars.batch.listener.JobListener  : Job started at Fri Jul 21 20:07:14 CEST 2017
2017-07-21 20:07:14.707  INFO 11352 --- [pool-2-thread-1] com.starwars.batch.listener.JobListener  : step times:
2017-07-21 20:07:14.710  INFO 11352 --- [pool-2-thread-1] o.s.b.c.l.support.SimpleJobLauncher      : Job: [SimpleJob: [name=dbJob]] completed with the following parameters: [{time=1500660434572}] and the following status: [COMPLETED]
2017-07-21 20:07:29.721  INFO 11352 --- [pool-2-thread-1] o.s.b.c.l.support.SimpleJobLauncher      : Job: [SimpleJob: [name=dbJob]] launched with the following parameters: [{time=1500660449715}]
2017-07-21 20:07:29.727  INFO 11352 --- [pool-2-thread-1] o.s.batch.core.job.SimpleStepHandler     : Executing step: [dbStep]
2017-07-21 20:07:29.736  INFO 11352 --- [pool-2-thread-1] c.s.batch.listener.PeopleStepListener    : Hello from afterStep listener. Summary:
2017-07-21 20:07:29.736  INFO 11352 --- [pool-2-thread-1] c.s.batch.listener.PeopleStepListener    : StepExecution: id=2, version=2, name=dbStep, status=COMPLETED, exitStatus=COMPLETED, readCount=4, filterCount=0, writeCount=4 readSkipCount=0, writeSkipCount=0, processSkipCount=0, commitCount=1, rollbackCount=0
2017-07-21 20:07:29.738  INFO 11352 --- [pool-2-thread-1] com.starwars.batch.listener.JobListener  : Job started at Fri Jul 21 20:07:29 CEST 2017
2017-07-21 20:07:29.739  INFO 11352 --- [pool-2-thread-1] com.starwars.batch.listener.JobListener  : step times:
2017-07-21 20:07:29.740  INFO 11352 --- [pool-2-thread-1] o.s.b.c.l.support.SimpleJobLauncher      : Job: [SimpleJob: [name=dbJob]] completed with the following parameters: [{time=1500660449715}] and the following status: [COMPLETED]
2017-07-21 20:07:44.745  INFO 11352 --- [pool-2-thread-1] o.s.b.c.l.support.SimpleJobLauncher      : Job: [SimpleJob: [name=dbJob]] launched with the following parameters: [{time=1500660464741}]
2017-07-21 20:07:44.751  INFO 11352 --- [pool-2-thread-1] o.s.batch.core.job.SimpleStepHandler     : Executing step: [dbStep]
2017-07-21 20:07:44.760  INFO 11352 --- [pool-2-thread-1] c.s.batch.listener.PeopleStepListener    : Hello from afterStep listener. Summary:
2017-07-21 20:07:44.761  INFO 11352 --- [pool-2-thread-1] c.s.batch.listener.PeopleStepListener    : StepExecution: id=3, version=2, name=dbStep, status=COMPLETED, exitStatus=COMPLETED, readCount=4, filterCount=0, writeCount=4 readSkipCount=0, writeSkipCount=0, processSkipCount=0, commitCount=1, rollbackCount=0
2017-07-21 20:07:44.764  INFO 11352 --- [pool-2-thread-1] com.starwars.batch.listener.JobListener  : Job started at Fri Jul 21 20:07:44 CEST 2017
2017-07-21 20:07:44.764  INFO 11352 --- [pool-2-thread-1] com.starwars.batch.listener.JobListener  : step times:
2017-07-21 20:07:44.765  INFO 11352 --- [pool-2-thread-1] o.s.b.c.l.support.SimpleJobLauncher      : Job: [SimpleJob: [name=dbJob]] completed with the following parameters: [{time=1500660464741}] and the following status: [COMPLETED]
2017-07-21 20:07:59.772  INFO 11352 --- [pool-2-thread-1] o.s.b.c.l.support.SimpleJobLauncher      : Job: [SimpleJob: [name=dbJob]] launched with the following parameters: [{time=1500660479767}]
2017-07-21 20:07:59.776  INFO 11352 --- [pool-2-thread-1] o.s.batch.core.job.SimpleStepHandler     : Executing step: [dbStep]
2017-07-21 20:07:59.787  INFO 11352 --- [pool-2-thread-1] c.s.batch.listener.PeopleStepListener    : Hello from afterStep listener. Summary:
2017-07-21 20:07:59.788  INFO 11352 --- [pool-2-thread-1] c.s.batch.listener.PeopleStepListener    : StepExecution: id=4, version=2, name=dbStep, status=COMPLETED, exitStatus=COMPLETED, readCount=4, filterCount=0, writeCount=4 readSkipCount=0, writeSkipCount=0, processSkipCount=0, commitCount=1, rollbackCount=0
2017-07-21 20:07:59.790  INFO 11352 --- [pool-2-thread-1] com.starwars.batch.listener.JobListener  : Job started at Fri Jul 21 20:07:59 CEST 2017
2017-07-21 20:07:59.791  INFO 11352 --- [pool-2-thread-1] com.starwars.batch.listener.JobListener  : step times:
2017-07-21 20:07:59.792  INFO 11352 --- [pool-2-thread-1] o.s.b.c.l.support.SimpleJobLauncher      : Job: [SimpleJob: [name=dbJob]] completed with the following parameters: [{time=1500660479767}] and the following status: [COMPLETED]
2017-07-21 20:08:06.459  INFO 11352 --- [Thread-27] s.c.a.AnnotationConfigApplicationContext : Closing org.springframework.context.annotation.AnnotationConfigApplicationContext@17046283: startup date [Fri Jul 21 20:07:12 CEST 2017]; root of context hierarchy
2017-07-21 20:08:06.462  INFO 11352 --- [Thread-27] o.s.j.e.a.AnnotationMBeanExporter        : Unregistering JMX-exposed beans on shutdown
2017-07-21 20:08:06.464  WARN 11352 --- [Thread-27] o.s.b.f.support.DisposableBeanAdapter    : Invocation of destroy method 'close' failed on bean with name 'planetWriter': java.lang.NullPointerException
2017-07-21 20:08:06.464  WARN 11352 --- [Thread-27] o.s.b.f.support.DisposableBeanAdapter    : Invocation of destroy method 'close' failed on bean with name 'peopleWriter': java.lang.NullPointerException
2017-07-21 20:08:06.464  INFO 11352 --- [Thread-27] j.LocalContainerEntityManagerFactoryBean : Closing JPA EntityManagerFactory for persistence unit 'default'
2017-07-21 20:08:06.465  INFO 11352 --- [Thread-27] org.hibernate.tool.hbm2ddl.SchemaExport  : HHH000227: Running hbm2ddl schema export
2017-07-21 20:08:06.468  INFO 11352 --- [Thread-27] org.hibernate.tool.hbm2ddl.SchemaExport  : HHH000230: Schema export complete
2017-07-21 20:10:34.845  INFO 11360 --- [main] com.starwars.StarwarsBatchApplication    : Starting StarwarsBatchApplication on ccalinkxview.local with PID 11360 (/Users/ccastillo/workspace/cursos/demo-batch/target/classes started by ccastillo in /Users/ccastillo/workspace/cursos/demo-batch)
2017-07-21 20:10:34.848  INFO 11360 --- [main] com.starwars.StarwarsBatchApplication    : No active profile set, falling back to default profiles: default
2017-07-21 20:10:34.876  INFO 11360 --- [main] s.c.a.AnnotationConfigApplicationContext : Refreshing org.springframework.context.annotation.AnnotationConfigApplicationContext@17046283: startup date [Fri Jul 21 20:10:34 CEST 2017]; root of context hierarchy
2017-07-21 20:10:35.288  WARN 11360 --- [main] o.s.c.a.ConfigurationClassEnhancer       : @Bean method ScopeConfiguration.stepScope is non-static and returns an object assignable to Spring's BeanFactoryPostProcessor interface. This will result in a failure to process annotations such as @Autowired, @Resource and @PostConstruct within the method's declaring @Configuration class. Add the 'static' modifier to this method to avoid these container lifecycle issues; see @Bean javadoc for complete details.
2017-07-21 20:10:35.297  WARN 11360 --- [main] o.s.c.a.ConfigurationClassEnhancer       : @Bean method ScopeConfiguration.jobScope is non-static and returns an object assignable to Spring's BeanFactoryPostProcessor interface. This will result in a failure to process annotations such as @Autowired, @Resource and @PostConstruct within the method's declaring @Configuration class. Add the 'static' modifier to this method to avoid these container lifecycle issues; see @Bean javadoc for complete details.
2017-07-21 20:10:35.603  INFO 11360 --- [main] j.LocalContainerEntityManagerFactoryBean : Building JPA container EntityManagerFactory for persistence unit 'default'
2017-07-21 20:10:35.666  INFO 11360 --- [main] o.hibernate.jpa.internal.util.LogHelper  : HHH000204: Processing PersistenceUnitInfo [
	name: default
	...]
2017-07-21 20:10:35.706  INFO 11360 --- [main] org.hibernate.Version                    : HHH000412: Hibernate Core {5.0.12.Final}
2017-07-21 20:10:35.707  INFO 11360 --- [main] org.hibernate.cfg.Environment            : HHH000206: hibernate.properties not found
2017-07-21 20:10:35.707  INFO 11360 --- [main] org.hibernate.cfg.Environment            : HHH000021: Bytecode provider name : javassist
2017-07-21 20:10:35.731  INFO 11360 --- [main] o.hibernate.annotations.common.Version   : HCANN000001: Hibernate Commons Annotations {5.0.1.Final}
2017-07-21 20:10:35.792  INFO 11360 --- [main] org.hibernate.dialect.Dialect            : HHH000400: Using dialect: org.hibernate.dialect.H2Dialect
2017-07-21 20:10:36.062  INFO 11360 --- [main] org.hibernate.tool.hbm2ddl.SchemaExport  : HHH000227: Running hbm2ddl schema export
2017-07-21 20:10:36.072  INFO 11360 --- [main] org.hibernate.tool.hbm2ddl.SchemaExport  : HHH000230: Schema export complete
2017-07-21 20:10:36.090  INFO 11360 --- [main] j.LocalContainerEntityManagerFactoryBean : Initialized JPA EntityManagerFactory for persistence unit 'default'
2017-07-21 20:10:36.492  WARN 11360 --- [main] o.s.b.a.batch.BasicBatchConfigurer       : JPA does not support custom isolation levels, so locks may not be taken when launching Jobs
2017-07-21 20:10:36.493  INFO 11360 --- [main] o.s.b.c.r.s.JobRepositoryFactoryBean     : No database type set, using meta data indicating: H2
2017-07-21 20:10:36.549  INFO 11360 --- [main] o.s.b.c.l.support.SimpleJobLauncher      : No TaskExecutor has been set, defaulting to synchronous executor.
2017-07-21 20:10:36.563  INFO 11360 --- [main] o.s.jdbc.datasource.init.ScriptUtils     : Executing SQL script from class path resource [org/springframework/batch/core/schema-h2.sql]
2017-07-21 20:10:36.582  INFO 11360 --- [main] o.s.jdbc.datasource.init.ScriptUtils     : Executed SQL script from class path resource [org/springframework/batch/core/schema-h2.sql] in 19 ms.
2017-07-21 20:10:36.693  INFO 11360 --- [main] o.s.j.e.a.AnnotationMBeanExporter        : Registering beans for JMX exposure on startup
2017-07-21 20:10:36.702  INFO 11360 --- [main] s.a.ScheduledAnnotationBeanPostProcessor : No TaskScheduler/ScheduledExecutorService bean found for scheduled processing
2017-07-21 20:10:36.711  INFO 11360 --- [main] com.starwars.StarwarsBatchApplication    : Started StarwarsBatchApplication in 12.108 seconds (JVM running for 22.671)
2017-07-21 20:10:36.752  INFO 11360 --- [pool-2-thread-1] o.s.b.c.l.support.SimpleJobLauncher      : Job: [SimpleJob: [name=dbJob]] launched with the following parameters: [{time=1500660636707}]
2017-07-21 20:10:36.768  INFO 11360 --- [pool-2-thread-1] o.s.batch.core.job.SimpleStepHandler     : Executing step: [dbStep]
2017-07-21 20:10:36.820  INFO 11360 --- [pool-2-thread-1] c.s.batch.listener.PeopleStepListener    : Hello from afterStep listener. Summary:
2017-07-21 20:10:36.821  INFO 11360 --- [pool-2-thread-1] c.s.batch.listener.PeopleStepListener    : StepExecution: id=1, version=2, name=dbStep, status=COMPLETED, exitStatus=COMPLETED, readCount=4, filterCount=0, writeCount=4 readSkipCount=0, writeSkipCount=0, processSkipCount=0, commitCount=1, rollbackCount=0
2017-07-21 20:10:36.824  INFO 11360 --- [pool-2-thread-1] com.starwars.batch.listener.JobListener  : Job started at Fri Jul 21 20:10:36 CEST 2017
2017-07-21 20:10:36.825  INFO 11360 --- [pool-2-thread-1] com.starwars.batch.listener.JobListener  : step times:
2017-07-21 20:10:36.827  INFO 11360 --- [pool-2-thread-1] o.s.b.c.l.support.SimpleJobLauncher      : Job: [SimpleJob: [name=dbJob]] completed with the following parameters: [{time=1500660636707}] and the following status: [COMPLETED]
2017-07-21 20:10:36.832  INFO 11360 --- [pool-2-thread-1] o.s.b.c.l.support.SimpleJobLauncher      : Job: [SimpleJob: [name=planetJob]] launched with the following parameters: [{time=1500660636827}]
2017-07-21 20:10:36.838  INFO 11360 --- [pool-2-thread-1] o.s.batch.core.job.SimpleStepHandler     : Executing step: [planetCsvStep]
2017-07-21 20:10:36.952 ERROR 11360 --- [pool-2-thread-1] o.s.batch.core.step.AbstractStep         : Encountered an error executing step planetCsvStep in job planetJob

org.springframework.web.client.HttpClientErrorException: 403 Forbidden
	at org.springframework.web.client.DefaultResponseErrorHandler.handleError(DefaultResponseErrorHandler.java:63) ~[spring-web-4.3.9.RELEASE.jar:4.3.9.RELEASE]
	at org.springframework.web.client.RestTemplate.handleResponse(RestTemplate.java:700) ~[spring-web-4.3.9.RELEASE.jar:4.3.9.RELEASE]
	at org.springframework.web.client.RestTemplate.doExecute(RestTemplate.java:653) ~[spring-web-4.3.9.RELEASE.jar:4.3.9.RELEASE]
	at org.springframework.web.client.RestTemplate.execute(RestTemplate.java:613) ~[spring-web-4.3.9.RELEASE.jar:4.3.9.RELEASE]
	at org.springframework.web.client.RestTemplate.getForEntity(RestTemplate.java:312) ~[spring-web-4.3.9.RELEASE.jar:4.3.9.RELEASE]
	at com.starwars.batch.reader.PlanetRestReader.fetchPlanetListFromAPI(PlanetRestReader.java:47) ~[classes/:na]
	at com.starwars.batch.reader.PlanetRestReader.read(PlanetRestReader.java:29) ~[classes/:na]
	at com.starwars.batch.reader.PlanetRestReader.read(PlanetRestReader.java:14) ~[classes/:na]
	at org.springframework.batch.core.step.item.SimpleChunkProvider.doRead(SimpleChunkProvider.java:91) ~[spring-batch-core-3.0.7.RELEASE.jar:3.0.7.RELEASE]
	at org.springframework.batch.core.step.item.SimpleChunkProvider.read(SimpleChunkProvider.java:157) ~[spring-batch-core-3.0.7.RELEASE.jar:3.0.7.RELEASE]
	at org.springframework.batch.core.step.item.SimpleChunkProvider$1.doInIteration(SimpleChunkProvider.java:116) ~[spring-batch-core-3.0.7.RELEASE.jar:3.0.7.RELEASE]
	at org.springframework.batch.repeat.support.RepeatTemplate.getNextResult(RepeatTemplate.java:374) ~[spring-batch-infrastructure-3.0.7.RELEASE.jar:3.0.7.RELEASE]
	at org.springframework.batch.repeat.support.RepeatTemplate.executeInternal(RepeatTemplate.java:215) ~[spring-batch-infrastructure-3.0.7.RELEASE.jar:3.0.7.RELEASE]
	at org.springframework.batch.repeat.support.RepeatTemplate.iterate(RepeatTemplate.java:144) ~[spring-batch-infrastructure-3.0.7.RELEASE.jar:3.0.7.RELEASE]
	at org.springframework.batch.core.step.item.SimpleChunkProvider.provide(SimpleChunkProvider.java:110) ~[spring-batch-core-3.0.7.RELEASE.jar:3.0.7.RELEASE]
	at org.springframework.batch.core.step.item.ChunkOrientedTasklet.execute(ChunkOrientedTasklet.java:69) ~[spring-batch-core-3.0.7.RELEASE.jar:3.0.7.RELEASE]
	at org.springframework.batch.core.step.tasklet.TaskletStep$ChunkTransactionCallback.doInTransaction(TaskletStep.java:406) ~[spring-batch-core-3.0.7.RELEASE.jar:3.0.7.RELEASE]
	at org.springframework.batch.core.step.tasklet.TaskletStep$ChunkTransactionCallback.doInTransaction(TaskletStep.java:330) ~[spring-batch-core-3.0.7.RELEASE.jar:3.0.7.RELEASE]
	at org.springframework.transaction.support.TransactionTemplate.execute(TransactionTemplate.java:133) ~[spring-tx-4.3.9.RELEASE.jar:4.3.9.RELEASE]
	at org.springframework.batch.core.step.tasklet.TaskletStep$2.doInChunkContext(TaskletStep.java:271) ~[spring-batch-core-3.0.7.RELEASE.jar:3.0.7.RELEASE]
	at org.springframework.batch.core.scope.context.StepContextRepeatCallback.doInIteration(StepContextRepeatCallback.java:81) ~[spring-batch-core-3.0.7.RELEASE.jar:3.0.7.RELEASE]
	at org.springframework.batch.repeat.support.RepeatTemplate.getNextResult(RepeatTemplate.java:374) ~[spring-batch-infrastructure-3.0.7.RELEASE.jar:3.0.7.RELEASE]
	at org.springframework.batch.repeat.support.RepeatTemplate.executeInternal(RepeatTemplate.java:215) ~[spring-batch-infrastructure-3.0.7.RELEASE.jar:3.0.7.RELEASE]
	at org.springframework.batch.repeat.support.RepeatTemplate.iterate(RepeatTemplate.java:144) ~[spring-batch-infrastructure-3.0.7.RELEASE.jar:3.0.7.RELEASE]
	at org.springframework.batch.core.step.tasklet.TaskletStep.doExecute(TaskletStep.java:257) ~[spring-batch-core-3.0.7.RELEASE.jar:3.0.7.RELEASE]
	at org.springframework.batch.core.step.AbstractStep.execute(AbstractStep.java:200) ~[spring-batch-core-3.0.7.RELEASE.jar:3.0.7.RELEASE]
	at org.springframework.batch.core.job.SimpleStepHandler.handleStep(SimpleStepHandler.java:148) [spring-batch-core-3.0.7.RELEASE.jar:3.0.7.RELEASE]
	at org.springframework.batch.core.job.AbstractJob.handleStep(AbstractJob.java:392) [spring-batch-core-3.0.7.RELEASE.jar:3.0.7.RELEASE]
	at org.springframework.batch.core.job.SimpleJob.doExecute(SimpleJob.java:135) [spring-batch-core-3.0.7.RELEASE.jar:3.0.7.RELEASE]
	at org.springframework.batch.core.job.AbstractJob.execute(AbstractJob.java:306) [spring-batch-core-3.0.7.RELEASE.jar:3.0.7.RELEASE]
	at org.springframework.batch.core.launch.support.SimpleJobLauncher$1.run(SimpleJobLauncher.java:135) [spring-batch-core-3.0.7.RELEASE.jar:3.0.7.RELEASE]
	at org.springframework.core.task.SyncTaskExecutor.execute(SyncTaskExecutor.java:50) [spring-core-4.3.9.RELEASE.jar:4.3.9.RELEASE]
	at org.springframework.batch.core.launch.support.SimpleJobLauncher.run(SimpleJobLauncher.java:128) [spring-batch-core-3.0.7.RELEASE.jar:3.0.7.RELEASE]
	at sun.reflect.NativeMethodAccessorImpl.invoke0(Native Method) ~[na:1.8.0_131]
	at sun.reflect.NativeMethodAccessorImpl.invoke(NativeMethodAccessorImpl.java:62) ~[na:1.8.0_131]
	at sun.reflect.DelegatingMethodAccessorImpl.invoke(DelegatingMethodAccessorImpl.java:43) ~[na:1.8.0_131]
	at java.lang.reflect.Method.invoke(Method.java:498) ~[na:1.8.0_131]
	at org.springframework.aop.support.AopUtils.invokeJoinpointUsingReflection(AopUtils.java:333) [spring-aop-4.3.9.RELEASE.jar:4.3.9.RELEASE]
	at org.springframework.aop.framework.ReflectiveMethodInvocation.invokeJoinpoint(ReflectiveMethodInvocation.java:190) [spring-aop-4.3.9.RELEASE.jar:4.3.9.RELEASE]
	at org.springframework.aop.framework.ReflectiveMethodInvocation.proceed(ReflectiveMethodInvocation.java:157) [spring-aop-4.3.9.RELEASE.jar:4.3.9.RELEASE]
	at org.springframework.batch.core.configuration.annotation.SimpleBatchConfiguration$PassthruAdvice.invoke(SimpleBatchConfiguration.java:127) [spring-batch-core-3.0.7.RELEASE.jar:3.0.7.RELEASE]
	at org.springframework.aop.framework.ReflectiveMethodInvocation.proceed(ReflectiveMethodInvocation.java:179) [spring-aop-4.3.9.RELEASE.jar:4.3.9.RELEASE]
	at org.springframework.aop.framework.JdkDynamicAopProxy.invoke(JdkDynamicAopProxy.java:213) [spring-aop-4.3.9.RELEASE.jar:4.3.9.RELEASE]
	at com.sun.proxy.$Proxy63.run(Unknown Source) [na:na]
	at com.starwars.batch.launcher.DbJobLauncher.runPlanetJob(DbJobLauncher.java:31) [classes/:na]
	at sun.reflect.NativeMethodAccessorImpl.invoke0(Native Method) ~[na:1.8.0_131]
	at sun.reflect.NativeMethodAccessorImpl.invoke(NativeMethodAccessorImpl.java:62) ~[na:1.8.0_131]
	at sun.reflect.DelegatingMethodAccessorImpl.invoke(DelegatingMethodAccessorImpl.java:43) ~[na:1.8.0_131]
	at java.lang.reflect.Method.invoke(Method.java:498) ~[na:1.8.0_131]
	at org.springframework.scheduling.support.ScheduledMethodRunnable.run(ScheduledMethodRunnable.java:65) [spring-context-4.3.9.RELEASE.jar:4.3.9.RELEASE]
	at org.springframework.scheduling.support.DelegatingErrorHandlingRunnable.run(DelegatingErrorHandlingRunnable.java:54) [spring-context-4.3.9.RELEASE.jar:4.3.9.RELEASE]
	at java.util.concurrent.Executors$RunnableAdapter.call(Executors.java:511) [na:1.8.0_131]
	at java.util.concurrent.FutureTask.runAndReset(FutureTask.java:308) [na:1.8.0_131]
	at java.util.concurrent.ScheduledThreadPoolExecutor$ScheduledFutureTask.access$301(ScheduledThreadPoolExecutor.java:180) [na:1.8.0_131]
	at java.util.concurrent.ScheduledThreadPoolExecutor$ScheduledFutureTask.run(ScheduledThreadPoolExecutor.java:294) [na:1.8.0_131]
	at java.util.concurrent.ThreadPoolExecutor.runWorker(ThreadPoolExecutor.java:1142) [na:1.8.0_131]
	at java.util.concurrent.ThreadPoolExecutor$Worker.run(ThreadPoolExecutor.java:617) [na:1.8.0_131]
	at java.lang.Thread.run(Thread.java:748) [na:1.8.0_131]

2017-07-21 20:10:36.961  INFO 11360 --- [pool-2-thread-1] o.s.b.c.l.support.SimpleJobLauncher      : Job: [SimpleJob: [name=planetJob]] completed with the following parameters: [{time=1500660636827}] and the following status: [FAILED]
2017-07-21 20:10:51.833  INFO 11360 --- [pool-2-thread-1] o.s.b.c.l.support.SimpleJobLauncher      : Job: [SimpleJob: [name=dbJob]] launched with the following parameters: [{time=1500660651828}]
2017-07-21 20:10:51.838  INFO 11360 --- [pool-2-thread-1] o.s.batch.core.job.SimpleStepHandler     : Executing step: [dbStep]
2017-07-21 20:10:51.845  INFO 11360 --- [pool-2-thread-1] c.s.batch.listener.PeopleStepListener    : Hello from afterStep listener. Summary:
2017-07-21 20:10:51.845  INFO 11360 --- [pool-2-thread-1] c.s.batch.listener.PeopleStepListener    : StepExecution: id=3, version=2, name=dbStep, status=COMPLETED, exitStatus=COMPLETED, readCount=4, filterCount=0, writeCount=4 readSkipCount=0, writeSkipCount=0, processSkipCount=0, commitCount=1, rollbackCount=0
2017-07-21 20:10:51.849  INFO 11360 --- [pool-2-thread-1] com.starwars.batch.listener.JobListener  : Job started at Fri Jul 21 20:10:51 CEST 2017
2017-07-21 20:10:51.849  INFO 11360 --- [pool-2-thread-1] com.starwars.batch.listener.JobListener  : step times:
2017-07-21 20:10:51.850  INFO 11360 --- [pool-2-thread-1] o.s.b.c.l.support.SimpleJobLauncher      : Job: [SimpleJob: [name=dbJob]] completed with the following parameters: [{time=1500660651828}] and the following status: [COMPLETED]
2017-07-21 20:10:51.968  INFO 11360 --- [pool-2-thread-1] o.s.b.c.l.support.SimpleJobLauncher      : Job: [SimpleJob: [name=planetJob]] launched with the following parameters: [{time=1500660651963}]
2017-07-21 20:10:51.973  INFO 11360 --- [pool-2-thread-1] o.s.batch.core.job.SimpleStepHandler     : Executing step: [planetCsvStep]
2017-07-21 20:10:52.040 ERROR 11360 --- [pool-2-thread-1] o.s.batch.core.step.AbstractStep         : Encountered an error executing step planetCsvStep in job planetJob

org.springframework.web.client.HttpClientErrorException: 403 Forbidden
	at org.springframework.web.client.DefaultResponseErrorHandler.handleError(DefaultResponseErrorHandler.java:63) ~[spring-web-4.3.9.RELEASE.jar:4.3.9.RELEASE]
	at org.springframework.web.client.RestTemplate.handleResponse(RestTemplate.java:700) ~[spring-web-4.3.9.RELEASE.jar:4.3.9.RELEASE]
	at org.springframework.web.client.RestTemplate.doExecute(RestTemplate.java:653) ~[spring-web-4.3.9.RELEASE.jar:4.3.9.RELEASE]
	at org.springframework.web.client.RestTemplate.execute(RestTemplate.java:613) ~[spring-web-4.3.9.RELEASE.jar:4.3.9.RELEASE]
	at org.springframework.web.client.RestTemplate.getForEntity(RestTemplate.java:312) ~[spring-web-4.3.9.RELEASE.jar:4.3.9.RELEASE]
	at com.starwars.batch.reader.PlanetRestReader.fetchPlanetListFromAPI(PlanetRestReader.java:47) ~[classes/:na]
	at com.starwars.batch.reader.PlanetRestReader.read(PlanetRestReader.java:29) ~[classes/:na]
	at com.starwars.batch.reader.PlanetRestReader.read(PlanetRestReader.java:14) ~[classes/:na]
	at org.springframework.batch.core.step.item.SimpleChunkProvider.doRead(SimpleChunkProvider.java:91) ~[spring-batch-core-3.0.7.RELEASE.jar:3.0.7.RELEASE]
	at org.springframework.batch.core.step.item.SimpleChunkProvider.read(SimpleChunkProvider.java:157) ~[spring-batch-core-3.0.7.RELEASE.jar:3.0.7.RELEASE]
	at org.springframework.batch.core.step.item.SimpleChunkProvider$1.doInIteration(SimpleChunkProvider.java:116) ~[spring-batch-core-3.0.7.RELEASE.jar:3.0.7.RELEASE]
	at org.springframework.batch.repeat.support.RepeatTemplate.getNextResult(RepeatTemplate.java:374) ~[spring-batch-infrastructure-3.0.7.RELEASE.jar:3.0.7.RELEASE]
	at org.springframework.batch.repeat.support.RepeatTemplate.executeInternal(RepeatTemplate.java:215) ~[spring-batch-infrastructure-3.0.7.RELEASE.jar:3.0.7.RELEASE]
	at org.springframework.batch.repeat.support.RepeatTemplate.iterate(RepeatTemplate.java:144) ~[spring-batch-infrastructure-3.0.7.RELEASE.jar:3.0.7.RELEASE]
	at org.springframework.batch.core.step.item.SimpleChunkProvider.provide(SimpleChunkProvider.java:110) ~[spring-batch-core-3.0.7.RELEASE.jar:3.0.7.RELEASE]
	at org.springframework.batch.core.step.item.ChunkOrientedTasklet.execute(ChunkOrientedTasklet.java:69) ~[spring-batch-core-3.0.7.RELEASE.jar:3.0.7.RELEASE]
	at org.springframework.batch.core.step.tasklet.TaskletStep$ChunkTransactionCallback.doInTransaction(TaskletStep.java:406) ~[spring-batch-core-3.0.7.RELEASE.jar:3.0.7.RELEASE]
	at org.springframework.batch.core.step.tasklet.TaskletStep$ChunkTransactionCallback.doInTransaction(TaskletStep.java:330) ~[spring-batch-core-3.0.7.RELEASE.jar:3.0.7.RELEASE]
	at org.springframework.transaction.support.TransactionTemplate.execute(TransactionTemplate.java:133) ~[spring-tx-4.3.9.RELEASE.jar:4.3.9.RELEASE]
	at org.springframework.batch.core.step.tasklet.TaskletStep$2.doInChunkContext(TaskletStep.java:271) ~[spring-batch-core-3.0.7.RELEASE.jar:3.0.7.RELEASE]
	at org.springframework.batch.core.scope.context.StepContextRepeatCallback.doInIteration(StepContextRepeatCallback.java:81) ~[spring-batch-core-3.0.7.RELEASE.jar:3.0.7.RELEASE]
	at org.springframework.batch.repeat.support.RepeatTemplate.getNextResult(RepeatTemplate.java:374) ~[spring-batch-infrastructure-3.0.7.RELEASE.jar:3.0.7.RELEASE]
	at org.springframework.batch.repeat.support.RepeatTemplate.executeInternal(RepeatTemplate.java:215) ~[spring-batch-infrastructure-3.0.7.RELEASE.jar:3.0.7.RELEASE]
	at org.springframework.batch.repeat.support.RepeatTemplate.iterate(RepeatTemplate.java:144) ~[spring-batch-infrastructure-3.0.7.RELEASE.jar:3.0.7.RELEASE]
	at org.springframework.batch.core.step.tasklet.TaskletStep.doExecute(TaskletStep.java:257) ~[spring-batch-core-3.0.7.RELEASE.jar:3.0.7.RELEASE]
	at org.springframework.batch.core.step.AbstractStep.execute(AbstractStep.java:200) ~[spring-batch-core-3.0.7.RELEASE.jar:3.0.7.RELEASE]
	at org.springframework.batch.core.job.SimpleStepHandler.handleStep(SimpleStepHandler.java:148) [spring-batch-core-3.0.7.RELEASE.jar:3.0.7.RELEASE]
	at org.springframework.batch.core.job.AbstractJob.handleStep(AbstractJob.java:392) [spring-batch-core-3.0.7.RELEASE.jar:3.0.7.RELEASE]
	at org.springframework.batch.core.job.SimpleJob.doExecute(SimpleJob.java:135) [spring-batch-core-3.0.7.RELEASE.jar:3.0.7.RELEASE]
	at org.springframework.batch.core.job.AbstractJob.execute(AbstractJob.java:306) [spring-batch-core-3.0.7.RELEASE.jar:3.0.7.RELEASE]
	at org.springframework.batch.core.launch.support.SimpleJobLauncher$1.run(SimpleJobLauncher.java:135) [spring-batch-core-3.0.7.RELEASE.jar:3.0.7.RELEASE]
	at org.springframework.core.task.SyncTaskExecutor.execute(SyncTaskExecutor.java:50) [spring-core-4.3.9.RELEASE.jar:4.3.9.RELEASE]
	at org.springframework.batch.core.launch.support.SimpleJobLauncher.run(SimpleJobLauncher.java:128) [spring-batch-core-3.0.7.RELEASE.jar:3.0.7.RELEASE]
	at sun.reflect.NativeMethodAccessorImpl.invoke0(Native Method) ~[na:1.8.0_131]
	at sun.reflect.NativeMethodAccessorImpl.invoke(NativeMethodAccessorImpl.java:62) ~[na:1.8.0_131]
	at sun.reflect.DelegatingMethodAccessorImpl.invoke(DelegatingMethodAccessorImpl.java:43) ~[na:1.8.0_131]
	at java.lang.reflect.Method.invoke(Method.java:498) ~[na:1.8.0_131]
	at org.springframework.aop.support.AopUtils.invokeJoinpointUsingReflection(AopUtils.java:333) [spring-aop-4.3.9.RELEASE.jar:4.3.9.RELEASE]
	at org.springframework.aop.framework.ReflectiveMethodInvocation.invokeJoinpoint(ReflectiveMethodInvocation.java:190) [spring-aop-4.3.9.RELEASE.jar:4.3.9.RELEASE]
	at org.springframework.aop.framework.ReflectiveMethodInvocation.proceed(ReflectiveMethodInvocation.java:157) [spring-aop-4.3.9.RELEASE.jar:4.3.9.RELEASE]
	at org.springframework.batch.core.configuration.annotation.SimpleBatchConfiguration$PassthruAdvice.invoke(SimpleBatchConfiguration.java:127) [spring-batch-core-3.0.7.RELEASE.jar:3.0.7.RELEASE]
	at org.springframework.aop.framework.ReflectiveMethodInvocation.proceed(ReflectiveMethodInvocation.java:179) [spring-aop-4.3.9.RELEASE.jar:4.3.9.RELEASE]
	at org.springframework.aop.framework.JdkDynamicAopProxy.invoke(JdkDynamicAopProxy.java:213) [spring-aop-4.3.9.RELEASE.jar:4.3.9.RELEASE]
	at com.sun.proxy.$Proxy63.run(Unknown Source) [na:na]
	at com.starwars.batch.launcher.DbJobLauncher.runPlanetJob(DbJobLauncher.java:31) [classes/:na]
	at sun.reflect.NativeMethodAccessorImpl.invoke0(Native Method) ~[na:1.8.0_131]
	at sun.reflect.NativeMethodAccessorImpl.invoke(NativeMethodAccessorImpl.java:62) ~[na:1.8.0_131]
	at sun.reflect.DelegatingMethodAccessorImpl.invoke(DelegatingMethodAccessorImpl.java:43) ~[na:1.8.0_131]
	at java.lang.reflect.Method.invoke(Method.java:498) ~[na:1.8.0_131]
	at org.springframework.scheduling.support.ScheduledMethodRunnable.run(ScheduledMethodRunnable.java:65) [spring-context-4.3.9.RELEASE.jar:4.3.9.RELEASE]
	at org.springframework.scheduling.support.DelegatingErrorHandlingRunnable.run(DelegatingErrorHandlingRunnable.java:54) [spring-context-4.3.9.RELEASE.jar:4.3.9.RELEASE]
	at java.util.concurrent.Executors$RunnableAdapter.call(Executors.java:511) [na:1.8.0_131]
	at java.util.concurrent.FutureTask.runAndReset(FutureTask.java:308) [na:1.8.0_131]
	at java.util.concurrent.ScheduledThreadPoolExecutor$ScheduledFutureTask.access$301(ScheduledThreadPoolExecutor.java:180) [na:1.8.0_131]
	at java.util.concurrent.ScheduledThreadPoolExecutor$ScheduledFutureTask.run(ScheduledThreadPoolExecutor.java:294) [na:1.8.0_131]
	at java.util.concurrent.ThreadPoolExecutor.runWorker(ThreadPoolExecutor.java:1142) [na:1.8.0_131]
	at java.util.concurrent.ThreadPoolExecutor$Worker.run(ThreadPoolExecutor.java:617) [na:1.8.0_131]
	at java.lang.Thread.run(Thread.java:748) [na:1.8.0_131]

2017-07-21 20:10:52.046  INFO 11360 --- [pool-2-thread-1] o.s.b.c.l.support.SimpleJobLauncher      : Job: [SimpleJob: [name=planetJob]] completed with the following parameters: [{time=1500660651963}] and the following status: [FAILED]
